
*** Running vivado
    with args -log top.vds -m64 -product Vivado -mode batch -messageDb vivado.pb -notrace -source top.tcl



****** Vivado v2020.2 (64-bit)
  **** SW Build 3064766 on Wed Nov 18 09:12:45 MST 2020
  **** IP Build 3064653 on Wed Nov 18 14:17:31 MST 2020
    ** Copyright 1986-2020 Xilinx, Inc. All Rights Reserved.

source top.tcl -notrace
Command: synth_design -top top -part xc7a50ticsg324-1L
Starting synth_design
Attempting to get a license for feature 'Synthesis' and/or device 'xc7a50ti'
INFO: [Common 17-349] Got license for feature 'Synthesis' and/or device 'xc7a50ti'
INFO: [Device 21-403] Loading part xc7a50ticsg324-1L
INFO: [Synth 8-7079] Multithreading enabled for synth_design using a maximum of 2 processes.
INFO: [Synth 8-7078] Launching helper process for spawning children vivado processes
INFO: [Synth 8-7075] Helper process launched with PID 26532
---------------------------------------------------------------------------------
Starting RTL Elaboration : Time (s): cpu = 00:00:07 ; elapsed = 00:00:09 . Memory (MB): peak = 1002.031 ; gain = 0.000
---------------------------------------------------------------------------------
INFO: [Synth 8-638] synthesizing module 'top' [C:/Stupka/digital-eletronics-1/labs/04-segment/display/display.srcs/sources_1/new/top.vhd:44]
INFO: [Synth 8-638] synthesizing module 'hex_7seg' [C:/Stupka/digital-eletronics-1/labs/04-segment/display/display.srcs/sources_1/new/hex_7seg.vhd:18]
ERROR: [Synth 8-517] overlapping choice 4'b1110 in case statement [C:/Stupka/digital-eletronics-1/labs/04-segment/display/display.srcs/sources_1/new/hex_7seg.vhd:71]
ERROR: [Synth 8-285] failed synthesizing module 'hex_7seg' [C:/Stupka/digital-eletronics-1/labs/04-segment/display/display.srcs/sources_1/new/hex_7seg.vhd:18]
ERROR: [Synth 8-285] failed synthesizing module 'top' [C:/Stupka/digital-eletronics-1/labs/04-segment/display/display.srcs/sources_1/new/top.vhd:44]
---------------------------------------------------------------------------------
Finished RTL Elaboration : Time (s): cpu = 00:00:08 ; elapsed = 00:00:11 . Memory (MB): peak = 1002.031 ; gain = 0.000
---------------------------------------------------------------------------------
RTL Elaboration failed
INFO: [Common 17-83] Releasing license: Synthesis
8 Infos, 0 Warnings, 0 Critical Warnings and 4 Errors encountered.
synth_design failed
ERROR: [Common 17-69] Command failed: Synthesis failed - please see the console or run log file for details
INFO: [Common 17-206] Exiting Vivado at Wed Mar  3 20:22:50 2021...
