#-----------------------------------------------------------
# Vivado v2020.2 (64-bit)
# SW Build 3064766 on Wed Nov 18 09:12:45 MST 2020
# IP Build 3064653 on Wed Nov 18 14:17:31 MST 2020
# Start of session at: Mon Mar  8 10:25:47 2021
# Process ID: 28644
# Current directory: C:/Stupka/digital-eletronics-1/labs/04-segment/display
# Command line: vivado.exe -gui_launcher_event rodinguilauncherevent24732 C:\Stupka\digital-eletronics-1\labs\04-segment\display\display.xpr
# Log file: C:/Stupka/digital-eletronics-1/labs/04-segment/display/vivado.log
# Journal file: C:/Stupka/digital-eletronics-1/labs/04-segment/display\vivado.jou
#-----------------------------------------------------------
start_gui
open_project C:/Stupka/digital-eletronics-1/labs/04-segment/display/display.xpr
WARNING: [filemgmt 56-3] Default IP Output Path : Could not find the directory 'C:/Stupka/digital-eletronics-1/labs/04-segment/display/display.gen/sources_1'.
Scanning sources...
Finished scanning sources
INFO: [IP_Flow 19-234] Refreshing IP repositories
INFO: [IP_Flow 19-1704] No user IP repositories specified
INFO: [IP_Flow 19-2313] Loaded Vivado IP repository 'C:/Xilinx/Vivado/2020.2/data/ip'.
open_project: Time (s): cpu = 00:00:13 ; elapsed = 00:00:06 . Memory (MB): peak = 1255.047 ; gain = 0.000
