#-----------------------------------------------------------
# Vivado v2020.2 (64-bit)
# SW Build 3064766 on Wed Nov 18 09:12:45 MST 2020
# IP Build 3064653 on Wed Nov 18 14:17:31 MST 2020
# Start of session at: Tue Mar  2 18:10:41 2021
# Process ID: 21320
# Current directory: C:/Stupka/digital-eletronics-1/labs/03-vivaldo/mux_2bit_4to1
# Command line: vivado.exe -gui_launcher_event rodinguilauncherevent19424 C:\Stupka\digital-eletronics-1\labs\03-vivaldo\mux_2bit_4to1\mux_2bit_4to1.xpr
# Log file: C:/Stupka/digital-eletronics-1/labs/03-vivaldo/mux_2bit_4to1/vivado.log
# Journal file: C:/Stupka/digital-eletronics-1/labs/03-vivaldo/mux_2bit_4to1\vivado.jou
#-----------------------------------------------------------
start_gui
open_project C:/Stupka/digital-eletronics-1/labs/03-vivaldo/mux_2bit_4to1/mux_2bit_4to1.xpr
WARNING: [filemgmt 56-3] Default IP Output Path : Could not find the directory 'C:/Stupka/digital-eletronics-1/labs/03-vivaldo/mux_2bit_4to1/mux_2bit_4to1.gen/sources_1'.
Scanning sources...
Finished scanning sources
INFO: [IP_Flow 19-234] Refreshing IP repositories
INFO: [IP_Flow 19-1704] No user IP repositories specified
INFO: [IP_Flow 19-2313] Loaded Vivado IP repository 'C:/Xilinx/Vivado/2020.2/data/ip'.
open_project: Time (s): cpu = 00:00:19 ; elapsed = 00:00:08 . Memory (MB): peak = 1004.941 ; gain = 0.000
